c:\users\diego\source\repos\graphicsengine\bin\intermediate\imguimanager.obj
c:\users\diego\source\repos\graphicsengine\bin\intermediate\logger.obj
c:\users\diego\source\repos\graphicsengine\bin\intermediate\stimplyexceptionbase.obj
c:\users\diego\source\repos\graphicsengine\bin\intermediate\imgui_impl_win32.obj
c:\users\diego\source\repos\graphicsengine\bin\intermediate\imgui_draw.obj
c:\users\diego\source\repos\graphicsengine\bin\intermediate\imgui_impl_vulkan.obj
c:\users\diego\source\repos\graphicsengine\bin\intermediate\main.obj
c:\users\diego\source\repos\graphicsengine\bin\intermediate\imgui.obj
c:\users\diego\source\repos\graphicsengine\bin\intermediate\imgui_tables.obj
c:\users\diego\source\repos\graphicsengine\bin\intermediate\imgui_widgets.obj
c:\users\diego\source\repos\graphicsengine\bin\intermediate\mesh.obj
c:\users\diego\source\repos\graphicsengine\bin\intermediate\renderer.obj
c:\users\diego\source\repos\graphicsengine\bin\intermediate\window.obj
c:\users\diego\source\repos\graphicsengine\bin\intermediate\engine.obj
c:\users\diego\source\repos\graphicsengine\bin\intermediate\vc143.pdb
c:\users\diego\source\repos\graphicsengine\bin\intermediate\timer.obj
c:\users\diego\source\repos\graphicsengine\bin\intermediate\scene.obj
c:\users\diego\source\repos\graphicsengine\bin\graphicsengine.exe
c:\users\diego\source\repos\graphicsengine\bin\graphicsengine.pdb
c:\users\diego\source\repos\graphicsengine\bin\intermediate\graphicsengine.ilk
c:\users\diego\source\repos\graphicsengine\bin\intermediate\entity.obj
c:\users\diego\source\repos\graphicsengine\bin\intermediate\scenegraph.obj
c:\users\diego\source\repos\graphicsengine\bin\intermediate\graphicsengine.ipdb
c:\users\diego\source\repos\graphicsengine\bin\intermediate\graphicsengine.iobj
c:\users\diego\source\repos\graphicsengine\bin\intermediate\vc143.idb
c:\users\diego\source\repos\graphicsengine\bin\intermediate\graphicsengine.vcxproj.filelistabsolute.txt
c:\users\diego\source\repos\graphicsengine\bin\intermediate\graphicsengine.tlog\cl.command.1.tlog
c:\users\diego\source\repos\graphicsengine\bin\intermediate\graphicsengine.tlog\cl.items.tlog
c:\users\diego\source\repos\graphicsengine\bin\intermediate\graphicsengine.tlog\cl.read.1.tlog
c:\users\diego\source\repos\graphicsengine\bin\intermediate\graphicsengine.tlog\cl.write.1.tlog
c:\users\diego\source\repos\graphicsengine\bin\intermediate\graphicsengine.tlog\link.command.1.tlog
c:\users\diego\source\repos\graphicsengine\bin\intermediate\graphicsengine.tlog\link.read.1.tlog
c:\users\diego\source\repos\graphicsengine\bin\intermediate\graphicsengine.tlog\link.secondary.1.tlog
c:\users\diego\source\repos\graphicsengine\bin\intermediate\graphicsengine.tlog\link.write.1.tlog
